<?xml version="1.0" encoding="UTF-8"?>
<testsuite xmlns:xsi="http://www.w3.org/2001/XMLSchema-instance" xsi:noNamespaceSchemaLocation="https://maven.apache.org/surefire/maven-surefire-plugin/xsd/surefire-test-report.xsd" version="3.0.2" name="mycode.onlineshopspring.repository.RepositoryPaginationTest" time="2.16" tests="4" errors="0" skipped="0" failures="0">
  <properties>
[...]
</properties>
  <testcase name="customerRepositoryReturnsPagedResults" classname="mycode.onlineshopspring.repository.RepositoryPaginationTest" time="0.323">
    <system-out><![CDATA[15:23:17.393 [main] INFO org.springframework.test.context.support.AnnotationConfigContextLoaderUtils -- Could not detect default configuration classes for test class [mycode.onlineshopspring.repository.RepositoryPaginationTest]: RepositoryPaginationTest does not declare any static, non-private, non-final, nested classes annotated with @Configuration.
15:23:17.452 [main] INFO org.springframework.boot.test.context.SpringBootTestContextBootstrapper -- Found @SpringBootConfiguration mycode.onlineshopspring.OnlineShopSpringApplication for test class mycode.onlineshopspring.repository.RepositoryPaginationTest

  .   ____          _            __ _ _
 /\\ / ___'_ __ _ _(_)_ __  __ _ \ \ \ \
( ( )\___ | '_ | '_| | '_ \/ _` | \ \ \ \
 \\/  ___)| |_)| | | | | || (_| |  ) ) ) )
  '  |____| .__|_| |_|_| |_\__, | / / / /
 =========|_|==============|___/=/_/_/_/

 :: Spring Boot ::                (v3.5.7)

2026-05-06T15:23:17.593+03:00  INFO 39816 --- [           main] m.o.repository.RepositoryPaginationTest  : Starting RepositoryPaginationTest using Java 25.0.2 with PID 39816 (started by bogdandaniel in /Users/bogdandaniel/Documents/projects-for-teaching/devops/projects-for-testing/online-shop-cloud-spring-api)
2026-05-06T15:23:17.593+03:00  INFO 39816 --- [           main] m.o.repository.RepositoryPaginationTest  : No active profile set, falling back to 1 default profile: "default"
2026-05-06T15:23:17.740+03:00  INFO 39816 --- [           main] .s.d.r.c.RepositoryConfigurationDelegate : Bootstrapping Spring Data JPA repositories in DEFAULT mode.
2026-05-06T15:23:17.769+03:00  INFO 39816 --- [           main] .s.d.r.c.RepositoryConfigurationDelegate : Finished Spring Data repository scanning in 26 ms. Found 7 JPA repository interfaces.
2026-05-06T15:23:17.792+03:00  INFO 39816 --- [           main] beddedDataSourceBeanFactoryPostProcessor : Replacing 'dataSource' DataSource bean with embedded version
2026-05-06T15:23:17.834+03:00  INFO 39816 --- [           main] o.s.j.d.e.EmbeddedDatabaseFactory        : Starting embedded database: url='jdbc:h2:mem:2edaee0d-33aa-4e1a-a911-5d06735b47e5;DB_CLOSE_DELAY=-1;DB_CLOSE_ON_EXIT=false', username='sa'
2026-05-06T15:23:17.936+03:00  INFO 39816 --- [           main] liquibase.database                       : Set default schema name to PUBLIC
2026-05-06T15:23:18.065+03:00  INFO 39816 --- [           main] liquibase.changelog                      : Creating database history table with name: PUBLIC.DATABASECHANGELOG
2026-05-06T15:23:18.096+03:00  INFO 39816 --- [           main] liquibase.changelog                      : Reading from PUBLIC.DATABASECHANGELOG
2026-05-06T15:23:18.113+03:00  INFO 39816 --- [           main] liquibase.snapshot                       : Creating snapshot
2026-05-06T15:23:18.139+03:00  INFO 39816 --- [           main] liquibase.lockservice                    : Successfully acquired change log lock
2026-05-06T15:23:18.139+03:00  INFO 39816 --- [           main] liquibase.command                        : Using deploymentId: 8070197907
2026-05-06T15:23:18.140+03:00  INFO 39816 --- [           main] liquibase.changelog                      : Reading from PUBLIC.DATABASECHANGELOG
2026-05-06T15:23:18.169+03:00  INFO 39816 --- [           main] liquibase.ui                             : Running Changeset: db/changelog/001-seed-products.yaml::seed-products::online-shop-team
2026-05-06T15:23:18.170+03:00  INFO 39816 --- [           main] liquibase.snapshot                       : Creating snapshot
2026-05-06T15:23:18.171+03:00  INFO 39816 --- [           main] liquibase.changelog                      : Marking ChangeSet: "db/changelog/001-seed-products.yaml::seed-products::online-shop-team" as ran despite precondition failure due to onFail='MARK_RAN': 
          db/changelog/db.changelog-master.yaml : Table PUBLIC.products does not exist

2026-05-06T15:23:18.176+03:00  INFO 39816 --- [           main] liquibase.ui                             : Running Changeset: db/changelog/002-seed-customers.yaml::seed-customers::online-shop-team
2026-05-06T15:23:18.176+03:00  INFO 39816 --- [           main] liquibase.snapshot                       : Creating snapshot
2026-05-06T15:23:18.177+03:00  INFO 39816 --- [           main] liquibase.changelog                      : Marking ChangeSet: "db/changelog/002-seed-customers.yaml::seed-customers::online-shop-team" as ran despite precondition failure due to onFail='MARK_RAN': 
          db/changelog/db.changelog-master.yaml : Table PUBLIC.customers does not exist

2026-05-06T15:23:18.179+03:00  INFO 39816 --- [           main] liquibase.ui                             : Running Changeset: db/changelog/003-seed-orders.yaml::seed-orders::online-shop-team
2026-05-06T15:23:18.179+03:00  INFO 39816 --- [           main] liquibase.snapshot                       : Creating snapshot
2026-05-06T15:23:18.180+03:00  INFO 39816 --- [           main] liquibase.changelog                      : Marking ChangeSet: "db/changelog/003-seed-orders.yaml::seed-orders::online-shop-team" as ran despite precondition failure due to onFail='MARK_RAN': 
          db/changelog/db.changelog-master.yaml : Table PUBLIC.orders does not exist

2026-05-06T15:23:18.183+03:00  INFO 39816 --- [           main] liquibase.ui                             : Running Changeset: db/changelog/003-seed-orders.yaml::seed-order-details::online-shop-team
2026-05-06T15:23:18.183+03:00  INFO 39816 --- [           main] liquibase.snapshot                       : Creating snapshot
2026-05-06T15:23:18.184+03:00  INFO 39816 --- [           main] liquibase.changelog                      : Marking ChangeSet: "db/changelog/003-seed-orders.yaml::seed-order-details::online-shop-team" as ran despite precondition failure due to onFail='MARK_RAN': 
          db/changelog/db.changelog-master.yaml : Table PUBLIC.order_details does not exist

2026-05-06T15:23:18.187+03:00  INFO 39816 --- [           main] liquibase.util                           : UPDATE SUMMARY
2026-05-06T15:23:18.187+03:00  INFO 39816 --- [           main] liquibase.util                           : Run:                          4
2026-05-06T15:23:18.187+03:00  INFO 39816 --- [           main] liquibase.util                           : Previously run:               0
2026-05-06T15:23:18.187+03:00  INFO 39816 --- [           main] liquibase.util                           : Filtered out:                 0
2026-05-06T15:23:18.187+03:00  INFO 39816 --- [           main] liquibase.util                           : -------------------------------
2026-05-06T15:23:18.187+03:00  INFO 39816 --- [           main] liquibase.util                           : Total change sets:            4
2026-05-06T15:23:18.187+03:00  INFO 39816 --- [           main] liquibase.util                           : Update summary generated
2026-05-06T15:23:18.188+03:00  INFO 39816 --- [           main] liquibase.command                        : Update command completed successfully.
2026-05-06T15:23:18.188+03:00  INFO 39816 --- [           main] liquibase.ui                             : Liquibase: Update has been successful. Rows affected: 4
2026-05-06T15:23:18.189+03:00  INFO 39816 --- [           main] liquibase.lockservice                    : Successfully released change log lock
2026-05-06T15:23:18.189+03:00  INFO 39816 --- [           main] liquibase.command                        : Command execution complete
2026-05-06T15:23:18.507+03:00  INFO 39816 --- [           main] o.hibernate.jpa.internal.util.LogHelper  : HHH000204: Processing PersistenceUnitInfo [name: default]
2026-05-06T15:23:18.521+03:00  INFO 39816 --- [           main] org.hibernate.Version                    : HHH000412: Hibernate ORM core version 6.6.33.Final
2026-05-06T15:23:18.530+03:00  INFO 39816 --- [           main] o.h.c.internal.RegionFactoryInitiator    : HHH000026: Second-level cache disabled
2026-05-06T15:23:18.609+03:00  INFO 39816 --- [           main] o.s.o.j.p.SpringPersistenceUnitInfo      : No LoadTimeWeaver setup: ignoring JPA class transformer
2026-05-06T15:23:18.623+03:00  WARN 39816 --- [           main] org.hibernate.orm.deprecation            : HHH90000025: H2Dialect does not need to be specified explicitly using 'hibernate.dialect' (remove the property setting and it will be selected by default)
2026-05-06T15:23:18.628+03:00  INFO 39816 --- [           main] org.hibernate.orm.connections.pooling    : HHH10001005: Database info:
	Database JDBC URL [Connecting through datasource 'org.springframework.jdbc.datasource.embedded.EmbeddedDatabaseFactory$EmbeddedDataSourceProxy@20c283b4']
	Database driver: undefined/unknown
	Database version: 2.3.232
	Autocommit mode: undefined/unknown
	Isolation level: undefined/unknown
	Minimum pool size: undefined/unknown
	Maximum pool size: undefined/unknown
2026-05-06T15:23:18.966+03:00  INFO 39816 --- [           main] o.h.e.t.j.p.i.JtaPlatformInitiator       : HHH000489: No JTA platform available (set 'hibernate.transaction.jta.platform' to enable JTA platform integration)
Hibernate: drop table if exists admin cascade 
Hibernate: drop table if exists customer cascade 
Hibernate: drop table if exists order_details cascade 
Hibernate: drop table if exists orders cascade 
Hibernate: drop table if exists permissions cascade 
Hibernate: drop table if exists products cascade 
Hibernate: drop table if exists user_permissions cascade 
Hibernate: drop table if exists users cascade 
Hibernate: create table admin (created_at timestamp(6) not null, updated_at timestamp(6) not null, id BINARY(16) not null, user_id BINARY(16) not null unique, notes varchar(1000), department varchar(255), display_name varchar(255) not null, primary key (id))
Hibernate: create table customer (created_at timestamp(6) not null, updated_at timestamp(6) not null, id BINARY(16) not null, user_id BINARY(16) not null unique, billing_address varchar(255) not null, country varchar(255) not null, default_shipping_address varchar(255) not null, full_name varchar(255) not null, phone varchar(255) not null, primary key (id))
Hibernate: create table order_details (price integer not null, quantity integer not null, created_at timestamp(6) not null, updated_at timestamp(6) not null, id BINARY(16) not null, order_id BINARY(16), product_id BINARY(16), sku varchar(255) not null, primary key (id))
Hibernate: create table orders (ammount integer not null, order_date date not null, created_at timestamp(6) not null, updated_at timestamp(6) not null, customer_id BINARY(16), id BINARY(16) not null, order_adress varchar(255) not null, order_email varchar(255) not null, order_status varchar(255) not null, shipping_adress varchar(255) not null, primary key (id))
Hibernate: create table permissions (id BINARY(16) not null, name varchar(64) not null unique, primary key (id))
Hibernate: create table products (price integer not null, stock integer not null, weight integer not null, create_date timestamp(6) not null, created_at timestamp(6) not null, updated_at timestamp(6) not null, id BINARY(16) not null, category varchar(255) not null, descriptions varchar(255) not null, name varchar(255) not null, sku varchar(255) not null, primary key (id))
Hibernate: create table user_permissions (permission_id BINARY(16) not null, user_id BINARY(16) not null, primary key (permission_id, user_id))
Hibernate: create table users (enabled boolean not null, created_at timestamp(6) not null, updated_at timestamp(6) not null, id BINARY(16) not null, email varchar(255) not null unique, password varchar(255) not null, primary key (id))
Hibernate: alter table if exists admin add constraint FKq7pdkck9je126wpd9ijw3uwml foreign key (user_id) references users
Hibernate: alter table if exists customer add constraint FKra1cb3fu95r1a0m7aksow0nk4 foreign key (user_id) references users
Hibernate: alter table if exists order_details add constraint FKjyu2qbqt8gnvno9oe9j2s2ldk foreign key (order_id) references orders
Hibernate: alter table if exists order_details add constraint FK4q98utpd73imf4yhttm3w0eax foreign key (product_id) references products
Hibernate: alter table if exists orders add constraint FK624gtjin3po807j3vix093tlf foreign key (customer_id) references customer
Hibernate: alter table if exists user_permissions add constraint FKq4qlrabt4s0etm9tfkoqfuib1 foreign key (permission_id) references permissions
Hibernate: alter table if exists user_permissions add constraint FKkowxl8b2bngrxd1gafh13005u foreign key (user_id) references users
2026-05-06T15:23:18.985+03:00  INFO 39816 --- [           main] j.LocalContainerEntityManagerFactoryBean : Initialized JPA EntityManagerFactory for persistence unit 'default'
2026-05-06T15:23:19.141+03:00  INFO 39816 --- [           main] m.o.repository.RepositoryPaginationTest  : Started RepositoryPaginationTest in 1.667 seconds (process running for 2.034)
Hibernate: insert into products (category,create_date,created_at,descriptions,name,price,sku,stock,updated_at,weight,id) values (?,?,?,?,?,?,?,?,?,?,?)
Hibernate: insert into products (category,create_date,created_at,descriptions,name,price,sku,stock,updated_at,weight,id) values (?,?,?,?,?,?,?,?,?,?,?)
Hibernate: insert into users (created_at,email,enabled,password,updated_at,id) values (?,?,?,?,?,?)
Hibernate: insert into customer (billing_address,country,created_at,default_shipping_address,full_name,phone,updated_at,user_id,id) values (?,?,?,?,?,?,?,?,?)
Hibernate: insert into users (created_at,email,enabled,password,updated_at,id) values (?,?,?,?,?,?)
Hibernate: insert into customer (billing_address,country,created_at,default_shipping_address,full_name,phone,updated_at,user_id,id) values (?,?,?,?,?,?,?,?,?)
Hibernate: insert into orders (ammount,created_at,customer_id,order_adress,order_email,order_status,order_date,shipping_adress,updated_at,id) values (?,?,?,?,?,?,?,?,?,?)
Hibernate: insert into orders (ammount,created_at,customer_id,order_adress,order_email,order_status,order_date,shipping_adress,updated_at,id) values (?,?,?,?,?,?,?,?,?,?)
Hibernate: insert into orders (ammount,created_at,customer_id,order_adress,order_email,order_status,order_date,shipping_adress,updated_at,id) values (?,?,?,?,?,?,?,?,?,?)
Hibernate: insert into order_details (created_at,order_id,price,product_id,quantity,sku,updated_at,id) values (?,?,?,?,?,?,?,?)
Hibernate: insert into order_details (created_at,order_id,price,product_id,quantity,sku,updated_at,id) values (?,?,?,?,?,?,?,?)
Hibernate: insert into order_details (created_at,order_id,price,product_id,quantity,sku,updated_at,id) values (?,?,?,?,?,?,?,?)
2026-05-06T15:23:19.424+03:00  WARN 39816 --- [           main] org.hibernate.orm.query                  : HHH90003004: firstResult/maxResults specified with collection fetch; applying in memory
Hibernate: select c1_0.id,c1_0.billing_address,c1_0.country,c1_0.created_at,c1_0.default_shipping_address,c1_0.full_name,os1_0.customer_id,os1_0.id,os1_0.ammount,os1_0.created_at,os1_0.order_adress,ods1_0.order_id,ods1_0.id,ods1_0.created_at,ods1_0.price,p1_0.id,p1_0.category,p1_0.create_date,p1_0.created_at,p1_0.descriptions,p1_0.name,p1_0.price,p1_0.sku,p1_0.stock,p1_0.updated_at,p1_0.weight,ods1_0.quantity,ods1_0.sku,ods1_0.updated_at,os1_0.order_email,os1_0.order_status,os1_0.order_date,os1_0.shipping_adress,os1_0.updated_at,c1_0.phone,c1_0.updated_at,c1_0.user_id,u1_0.id,u1_0.created_at,u1_0.email,u1_0.enabled,u1_0.password,u1_0.updated_at from customer c1_0 left join orders os1_0 on c1_0.id=os1_0.customer_id left join order_details ods1_0 on os1_0.id=ods1_0.order_id left join products p1_0 on p1_0.id=ods1_0.product_id join users u1_0 on u1_0.id=c1_0.user_id order by c1_0.id
Hibernate: select count(c1_0.id) from customer c1_0
]]></system-out>
    <system-err><![CDATA[Mockito is currently self-attaching to enable the inline-mock-maker. This will no longer work in future releases of the JDK. Please add Mockito as an agent to your build as described in Mockito's documentation: https://javadoc.io/doc/org.mockito/mockito-core/latest/org.mockito/org/mockito/Mockito.html#0.3
WARNING: A Java agent has been loaded dynamically (/Users/bogdandaniel/.m2/repository/net/bytebuddy/byte-buddy-agent/1.17.8/byte-buddy-agent-1.17.8.jar)
WARNING: If a serviceability tool is in use, please run with -XX:+EnableDynamicAgentLoading to hide this warning
WARNING: If a serviceability tool is not in use, please run with -Djdk.instrument.traceUsage for more information
WARNING: Dynamic loading of agents will be disallowed by default in a future release
]]></system-err>
  </testcase>
  <testcase name="productsRepositoryReturnsPagedResults" classname="mycode.onlineshopspring.repository.RepositoryPaginationTest" time="0.009">
    <system-out><![CDATA[Hibernate: insert into products (category,create_date,created_at,descriptions,name,price,sku,stock,updated_at,weight,id) values (?,?,?,?,?,?,?,?,?,?,?)
Hibernate: insert into products (category,create_date,created_at,descriptions,name,price,sku,stock,updated_at,weight,id) values (?,?,?,?,?,?,?,?,?,?,?)
Hibernate: insert into users (created_at,email,enabled,password,updated_at,id) values (?,?,?,?,?,?)
Hibernate: insert into customer (billing_address,country,created_at,default_shipping_address,full_name,phone,updated_at,user_id,id) values (?,?,?,?,?,?,?,?,?)
Hibernate: insert into users (created_at,email,enabled,password,updated_at,id) values (?,?,?,?,?,?)
Hibernate: insert into customer (billing_address,country,created_at,default_shipping_address,full_name,phone,updated_at,user_id,id) values (?,?,?,?,?,?,?,?,?)
Hibernate: insert into orders (ammount,created_at,customer_id,order_adress,order_email,order_status,order_date,shipping_adress,updated_at,id) values (?,?,?,?,?,?,?,?,?,?)
Hibernate: insert into orders (ammount,created_at,customer_id,order_adress,order_email,order_status,order_date,shipping_adress,updated_at,id) values (?,?,?,?,?,?,?,?,?,?)
Hibernate: insert into orders (ammount,created_at,customer_id,order_adress,order_email,order_status,order_date,shipping_adress,updated_at,id) values (?,?,?,?,?,?,?,?,?,?)
Hibernate: insert into order_details (created_at,order_id,price,product_id,quantity,sku,updated_at,id) values (?,?,?,?,?,?,?,?)
Hibernate: insert into order_details (created_at,order_id,price,product_id,quantity,sku,updated_at,id) values (?,?,?,?,?,?,?,?)
Hibernate: insert into order_details (created_at,order_id,price,product_id,quantity,sku,updated_at,id) values (?,?,?,?,?,?,?,?)
Hibernate: select p1_0.id,p1_0.category,p1_0.create_date,p1_0.created_at,p1_0.descriptions,p1_0.name,p1_0.price,p1_0.sku,p1_0.stock,p1_0.updated_at,p1_0.weight from products p1_0 order by p1_0.id offset ? rows fetch first ? rows only
Hibernate: select count(p1_0.id) from products p1_0
]]></system-out>
  </testcase>
  <testcase name="orderDetailsRepositoryReturnsPagedResults" classname="mycode.onlineshopspring.repository.RepositoryPaginationTest" time="0.011">
    <system-out><![CDATA[Hibernate: insert into products (category,create_date,created_at,descriptions,name,price,sku,stock,updated_at,weight,id) values (?,?,?,?,?,?,?,?,?,?,?)
Hibernate: insert into products (category,create_date,created_at,descriptions,name,price,sku,stock,updated_at,weight,id) values (?,?,?,?,?,?,?,?,?,?,?)
Hibernate: insert into users (created_at,email,enabled,password,updated_at,id) values (?,?,?,?,?,?)
Hibernate: insert into customer (billing_address,country,created_at,default_shipping_address,full_name,phone,updated_at,user_id,id) values (?,?,?,?,?,?,?,?,?)
Hibernate: insert into users (created_at,email,enabled,password,updated_at,id) values (?,?,?,?,?,?)
Hibernate: insert into customer (billing_address,country,created_at,default_shipping_address,full_name,phone,updated_at,user_id,id) values (?,?,?,?,?,?,?,?,?)
Hibernate: insert into orders (ammount,created_at,customer_id,order_adress,order_email,order_status,order_date,shipping_adress,updated_at,id) values (?,?,?,?,?,?,?,?,?,?)
Hibernate: insert into orders (ammount,created_at,customer_id,order_adress,order_email,order_status,order_date,shipping_adress,updated_at,id) values (?,?,?,?,?,?,?,?,?,?)
Hibernate: insert into orders (ammount,created_at,customer_id,order_adress,order_email,order_status,order_date,shipping_adress,updated_at,id) values (?,?,?,?,?,?,?,?,?,?)
Hibernate: insert into order_details (created_at,order_id,price,product_id,quantity,sku,updated_at,id) values (?,?,?,?,?,?,?,?)
Hibernate: insert into order_details (created_at,order_id,price,product_id,quantity,sku,updated_at,id) values (?,?,?,?,?,?,?,?)
Hibernate: insert into order_details (created_at,order_id,price,product_id,quantity,sku,updated_at,id) values (?,?,?,?,?,?,?,?)
Hibernate: select od1_0.id,od1_0.created_at,od1_0.order_id,od1_0.price,p1_0.id,p1_0.category,p1_0.create_date,p1_0.created_at,p1_0.descriptions,p1_0.name,p1_0.price,p1_0.sku,p1_0.stock,p1_0.updated_at,p1_0.weight,od1_0.quantity,od1_0.sku,od1_0.updated_at from order_details od1_0 left join products p1_0 on p1_0.id=od1_0.product_id order by od1_0.id offset ? rows fetch first ? rows only
Hibernate: select count(od1_0.id) from order_details od1_0
]]></system-out>
  </testcase>
  <testcase name="ordersRepositoryReturnsPagedResults" classname="mycode.onlineshopspring.repository.RepositoryPaginationTest" time="0.01">
    <system-out><![CDATA[Hibernate: insert into products (category,create_date,created_at,descriptions,name,price,sku,stock,updated_at,weight,id) values (?,?,?,?,?,?,?,?,?,?,?)
Hibernate: insert into products (category,create_date,created_at,descriptions,name,price,sku,stock,updated_at,weight,id) values (?,?,?,?,?,?,?,?,?,?,?)
Hibernate: insert into users (created_at,email,enabled,password,updated_at,id) values (?,?,?,?,?,?)
Hibernate: insert into customer (billing_address,country,created_at,default_shipping_address,full_name,phone,updated_at,user_id,id) values (?,?,?,?,?,?,?,?,?)
Hibernate: insert into users (created_at,email,enabled,password,updated_at,id) values (?,?,?,?,?,?)
Hibernate: insert into customer (billing_address,country,created_at,default_shipping_address,full_name,phone,updated_at,user_id,id) values (?,?,?,?,?,?,?,?,?)
Hibernate: insert into orders (ammount,created_at,customer_id,order_adress,order_email,order_status,order_date,shipping_adress,updated_at,id) values (?,?,?,?,?,?,?,?,?,?)
Hibernate: insert into orders (ammount,created_at,customer_id,order_adress,order_email,order_status,order_date,shipping_adress,updated_at,id) values (?,?,?,?,?,?,?,?,?,?)
Hibernate: insert into orders (ammount,created_at,customer_id,order_adress,order_email,order_status,order_date,shipping_adress,updated_at,id) values (?,?,?,?,?,?,?,?,?,?)
Hibernate: insert into order_details (created_at,order_id,price,product_id,quantity,sku,updated_at,id) values (?,?,?,?,?,?,?,?)
Hibernate: insert into order_details (created_at,order_id,price,product_id,quantity,sku,updated_at,id) values (?,?,?,?,?,?,?,?)
Hibernate: insert into order_details (created_at,order_id,price,product_id,quantity,sku,updated_at,id) values (?,?,?,?,?,?,?,?)
2026-05-06T15:23:19.495+03:00  WARN 39816 --- [           main] org.hibernate.orm.query                  : HHH90003004: firstResult/maxResults specified with collection fetch; applying in memory
Hibernate: select o1_0.id,o1_0.ammount,o1_0.created_at,o1_0.customer_id,o1_0.order_adress,ods1_0.order_id,ods1_0.id,ods1_0.created_at,ods1_0.price,p1_0.id,p1_0.category,p1_0.create_date,p1_0.created_at,p1_0.descriptions,p1_0.name,p1_0.price,p1_0.sku,p1_0.stock,p1_0.updated_at,p1_0.weight,ods1_0.quantity,ods1_0.sku,ods1_0.updated_at,o1_0.order_email,o1_0.order_status,o1_0.order_date,o1_0.shipping_adress,o1_0.updated_at from orders o1_0 left join order_details ods1_0 on o1_0.id=ods1_0.order_id left join products p1_0 on p1_0.id=ods1_0.product_id order by o1_0.id
Hibernate: select count(o1_0.id) from orders o1_0
]]></system-out>
  </testcase>
</testsuite>